============================= test session starts ==============================
platform darwin -- Python 3.14.6, pytest-9.1.1, pluggy-1.6.0
rootdir: /Users/maguannan/beidou
configfile: pyproject.toml
testpaths: tests
plugins: hypothesis-6.165.1, cov-7.1.0, asyncio-1.4.0, anyio-4.14.2
asyncio: mode=Mode.STRICT, debug=False, asyncio_default_fixture_loop_scope=None, asyncio_default_test_loop_scope=function
collected 1564 items

<Dir beidou>
  <Dir tests>
    <Package architecture>
      <Module test_architecture.py>
        <Function test_package_discovery_discovers_real_packages>
        <Function test_architecture_scan_covers_all_packages>
        <Function test_empty_scan_fails_closed>
        <Function test_no_strategy_directly_depends_exchange>
        <Function test_no_research_directly_depends_production_db>
        <Function test_no_layer_crosses_clock_boundary>
        <Function test_no_shared_kernel_depends_on_domain>
        <Function test_no_hardcoded_secrets_or_production_defaults>
        <Function test_performance_budget_registry_exists>
        <Function test_adr_directory_has_index>
        <Function test_build_reproducibility>
        <Function test_only_adapter_accesses_binance_api>
        <Function test_engine_transport_calls_cross_binance_adapter>
        <Function test_fill_protection_submission_cannot_reset_transport_circuit_or_blind_retry>
        <Function test_startup_discovery_never_claims_current_worker_order_ownership>
        <Function test_testnet_market_orders_cannot_bypass_execution_plan>
        <Function test_engine_risk_boundary_has_no_synthetic_market_or_precision_fallback>
        <Function test_monitoring_code_no_risk_increasing_orders>
        <Function test_mutation_nonexistent_package_fails_discovery>
        <Function test_mutation_empty_package_without_py_files_fails_scan>
      <Module test_engine_boundaries.py>
        <Function test_domain_ports_module_exists>
        <Function test_domain_authority_registry_single_writer>
        <Function test_domain_authority_registry_read_models>
        <Function test_fact_models_are_immutable>
        <Function test_no_cross_domain_private_field_access>
        <Function test_known_private_access_list_is_up_to_date>
        <Function test_mutation_duplicate_authority_registration_blocked>
        <Function test_mutation_immutable_fact_modification_blocked>
    <Package integration>
      <Module test_startup_guard.py>
        <Class TestStartupWithoutKeys>
          <Function test_paper_mode_starts_without_credentials>
          <Function test_full_mode_requires_all_credentials>
        <Class TestTestnetCertificateMissing>
          <Function test_g5_certificate_managed_by_ladder>
          <Function test_paper_mode_without_certificate_passes>
        <Class TestMainnetURLBlocked>
          <Function test_mainnet_url_triggers_p0_audit>
          <Function test_testnet_url_no_mainnet_block>
        <Class TestStartupGateFailsGracefully>
          <Function test_production_mode_fails_with_clear_message>
          <Function test_audit_written_even_on_failure>
        <Class TestNoAutoResume>
          <Function test_engine_starts_in_no_new_risk>
          <Function test_resume_not_called_automatically>
    <Package unit>
      <Module test_account_discovery.py>
        <Class TestAccountQueryResult>
          <Function test_success_is_definitive>
          <Function test_empty_is_definitive>
          <Function test_unknown_is_not_definitive>
          <Function test_error_should_fail_closed>
          <Function test_unauthorized_should_fail_closed>
          <Function test_success_does_not_fail_closed>
        <Class TestAccountCapabilityChecker>
          <Function test_classify_success_with_data>
          <Function test_classify_success_empty_data>
          <Function test_classify_empty>
          <Function test_classify_error_unauthorized>
          <Function test_classify_error_rate_limit>
          <Function test_classify_unknown>
          <Function test_withdraw_permission_detected>
          <Function test_withdraw_permission_clean>
        <Class TestAccountCapabilityReport>
          <Function test_safe_for_trading>
          <Function test_withdraw_permission_blocks>
          <Function test_balance_unknown_blocks>
          <Function test_position_unknown_blocks>
          <Function test_owner_disconnected_no_auto_unlock>
      <Module test_adaptive_protection.py>
        <Class TestPriceTierClassification>
          <Function test_micro_tier>
          <Function test_low_tier>
          <Function test_mid_tier>
          <Function test_high_tier>
        <Class TestVolatilityClassification>
          <Function test_low_vol>
          <Function test_normal_vol>
          <Function test_high_vol>
        <Class TestMarketRegimeClassification>
          <Function test_ranging>
          <Function test_trending_up>
          <Function test_trending_down>
          <Function test_volatile>
        <Class TestStopPctComputation>
          <Function test_btc_like_low_vol>
          <Function test_eth_like_normal_vol>
          <Function test_doge_like_micro_price>
          <Function test_link_like_high_vol>
          <Function test_max_stop_cap>
          <Function test_spread_widens_stop>
        <Class TestRRComputation>
          <Function test_strong_trend_higher_rr>
          <Function test_ranging_lower_rr>
          <Function test_overbought_lower_rr>
          <Function test_oversold_higher_rr>
          <Function test_high_vol_lower_rr>
          <Function test_rr_within_bounds>
        <Class TestFullCalculation>
          <Function test_btc_scenario>
          <Function test_doge_scenario>
          <Function test_link_scenario>
          <Function test_fallback_no_features>
          <Function test_fallback_empty_features>
          <Function test_partial_features_never_use_trading_defaults>
          <Function test_invalid_features_fail_closed[atr_pct-0.0]>
          <Function test_invalid_features_fail_closed[ann_volatility-0.0]>
          <Function test_invalid_features_fail_closed[spread_bps--1.0]>
          <Function test_invalid_features_fail_closed[rsi_14-101.0]>
          <Function test_metadata_included>
          <Function test_rr_frozen_dataclass>
      <Module test_alerts.py>
        <Function test_incident_ids_are_unique_within_the_same_second>
        <Function test_webhook_failure_is_persisted_and_replayable>
        <Function test_corrupt_delivery_record_is_unknown_not_delivered>
      <Module test_alpha_graph.py>
        <Class TestAlphaGraph>
          <Function test_empty_graph_no_cycle>
          <Function test_add_component>
          <Function test_linear_pipeline_no_cycle>
          <Function test_cycle_detection>
          <Function test_duplicate_component_raises>
          <Function test_connect_missing_component_raises>
          <Function test_complex_dag_topological_order>
          <Function test_diamond_dag>
      <Module test_bf00_timing_mismatch.py>
        <Class TestTimingMismatch>
          <Function test_prediction_paired_with_past_return_in_current_engine>
          <Function test_current_engine_returns_are_past_not_forward>
          <Function test_correct_pairing_yields_different_ic>
          <Function test_shared_close_price_creates_spurious_correlation>
          <Function test_ic_std_is_return_std_not_ic_std>
          <Function test_extended_window_icir_is_biased>
          <Function test_factor_predictions_not_isolated_by_symbol>
      <Module test_bf01_contracts.py>
        <Class TestPredictionKey>
          <Function test_creation_valid>
          <Function test_future_data_rejected>
          <Function test_data_available_equals_prediction_allowed>
          <Function test_timeframe_matches_same>
          <Function test_timeframe_mismatch_detected>
          <Function test_symbol_matches_same_venue_symbol>
          <Function test_symbol_mismatch_different_symbol>
          <Function test_sort_key_ordering>
          <Function test_frozen_immutable>
        <Class TestLabelRecord>
          <Function test_creation_valid>
          <Function test_start_after_end_rejected>
          <Function test_available_before_end_rejected>
          <Function test_overlaps_detection_true>
          <Function test_overlaps_detection_false>
          <Function test_overlaps_different_symbols_never_overlap>
          <Function test_is_valid_for_evaluation>
          <Function test_future_leak_not_valid>
          <Function test_cost_adjusted_return>
          <Function test_frozen_immutable>
        <Class TestPredictionRecord>
          <Function test_creation>
          <Function test_revision_tracking>
          <Function test_to_lineage>
          <Function test_frozen_immutable>
        <Class TestDatasetManifest>
          <Function test_contains_prediction_in_range>
          <Function test_contains_prediction_out_of_range>
          <Function test_contains_different_venue>
          <Function test_contains_different_timeframe>
        <Class TestLabelSpec>
          <Function test_to_hash_deterministic>
          <Function test_to_hash_different_for_different_params>
          <Function test_to_hash_different_return_type>
      <Module test_bf01_label_builder.py>
        <Class TestCostEstimate>
          <Function test_default_perpetual>
          <Function test_longer_hold_higher_funding>
        <Class TestLabelBuilder>
          <Function test_configured_cost_model_is_used_for_labels>
          <Function test_pipeline_cost_model_contract_is_adapted>
          <Function test_missing_requested_price_type_is_not_filled_from_close>
          <Function test_build_labels_basic>
          <Function test_build_labels_count>
          <Function test_build_labels_with_embargo>
          <Function test_log_return_calculation>
          <Function test_simple_return_calculation>
          <Function test_cost_adjusted_label>
          <Function test_label_metadata_complete>
          <Function test_label_id_deterministic>
          <Function test_open_bar_skipped>
          <Function test_triple_barrier_basic>
          <Function test_triple_barrier_lower_hit>
          <Function test_triple_barrier_horizontal>
          <Function test_label_available_time_after_end>
          <Function test_label_prediction_key_traceable>
      <Module test_bf01_point_in_time.py>
        <Class TestPredictionKeyPITConstraint>
          <Function test_future_data_rejected_at_construction>
          <Function test_valid_key_allowed>
        <Class TestPointInTimeJoin>
          <Function test_store_prediction_basic>
          <Function test_store_prediction_idempotent_same_revision>
          <Function test_store_prediction_higher_revision_wins>
          <Function test_store_prediction_lower_revision_ignored>
          <Function test_store_label>
          <Function test_join_valid>
          <Function test_join_no_matching_label>
          <Function test_join_label_quality_filtered>
          <Function test_join_bar_not_available_rejected>
          <Function test_overlap_detection>
          <Function test_no_overlap_for_disjoint_labels>
          <Function test_join_all_with_report>
          <Function test_cross_timeframe_join_rejected>
          <Function test_join_label_available_time_check>
        <Class TestClosedBarEnforcer>
          <Function test_closed_bar_available>
          <Function test_open_bar_not_available>
          <Function test_closed_but_too_early_not_available>
          <Function test_future_data_injection_fails>
          <Function test_enforce_prediction_with_bar>
          <Function test_enforce_no_closed_bar_fails>
        <Class TestFutureDataGuard>
          <Function test_data_available_ok>
          <Function test_future_data_rejected>
          <Function test_assert_no_future_data_clean>
          <Function test_prediction_key_rejects_future_at_construction>
        <Class TestIsolationValidator>
          <Function test_group_by_scope_same_scope>
          <Function test_group_by_scope_different_timeframes>
          <Function test_group_by_scope_different_symbols>
          <Function test_validate_batch_no_violations>
          <Function test_validate_batch_symbol_mismatch>
          <Function test_validate_batch_timeframe_mismatch>
          <Function test_conflicting_overlapping_labels_fail_closed>
      <Module test_bf02_metrics.py>
        <Function test_compute_ic_matches_manual_single_period>
        <Function test_compute_ic_multi_period_matches_manual>
        <Function test_ic_std_is_ic_series_std_not_returns_std>
        <Function test_rank_ic_matches_manual_spearman>
        <Function test_rank_ic_multi_period_matches_manual>
        <Function test_period_ic_series_non_overlapping>
        <Function test_period_ic_series_start_indices_form>
        <Function test_period_ic_series_rejects_nested_input>
        <Function test_icir_small_sample_not_verifiable>
        <Function test_icir_sufficient_sample_matches_manual>
        <Function test_icir_filters_missing_values>
        <Function test_newey_west_tstat_matches_manual_formula>
        <Function test_newey_west_tstat_auto_lags_reasonable>
        <Function test_block_bootstrap_ci_contains_mean>
        <Function test_block_bootstrap_ci_small_sample>
        <Function test_quantile_monotonicity_increasing>
        <Function test_quantile_constant_predictions_boundary>
        <Function test_vif_detects_known_collinearity>
        <Function test_vif_exact_duplicate_factor>
        <Function test_vif_single_factor_and_empty>
        <Function test_vif_requires_equal_lengths>
        <Function test_incremental_contribution_zero_when_no_increment>
        <Function test_incremental_contribution_positive_when_candidate_helps>
        <Function test_incremental_contribution_length_mismatch>
        <Function test_turnover_weight_change>
        <Function test_turnover_constant_positions>
        <Function test_turnover_length_mismatch>
        <Function test_hit_rate>
        <Function test_hit_rate_no_valid_samples>
        <Function test_cost_adjusted_metrics_scalar_cost>
        <Function test_cost_adjusted_metrics_sequence_cost>
        <Function test_constant_column_boundary>
        <Function test_reverse_sorted_boundary>
        <Function test_missing_values_boundary>
        <Function test_empty_input_boundary>
        <Function test_mismatched_lengths_raise>
      <Module test_bf03_ast.py>
        <Class TestBasicEvaluation>
          <Function test_constant_and_feature>
          <Function test_lag>
          <Function test_diff>
          <Function test_pct_change>
          <Function test_pct_change_zero_base_is_nan>
          <Function test_rolling_mean>
          <Function test_rolling_median>
          <Function test_ema>
          <Function test_where>
          <Function test_clip>
          <Function test_cross_section_rank>
          <Function test_ts_rank>
          <Function test_zscore>
          <Function test_constant_series_needs_feature_for_length>
          <Function test_residualize_eval_ols_basic>
        <Class TestTypeChecking>
          <Function test_mul_price_price_rejected>
          <Function test_mul_scalar_price_allowed>
          <Function test_add_different_dims_rejected>
          <Function test_add_scalar_mixing_allowed>
          <Function test_sub_different_dims_rejected>
          <Function test_where_branches_type_mismatch_rejected>
          <Function test_where_condition_must_be_boolean>
          <Function test_lag_boolean_rejected>
          <Function test_neg_boolean_rejected>
          <Function test_bad_window_rejected>
          <Function test_clip_lower_above_upper_rejected>
          <Function test_pct_change_output_is_rate>
          <Function test_rolling_std_of_return_is_volatility>
        <Class TestCanonicalization>
          <Function test_add_zero>
          <Function test_mul_one>
          <Function test_mul_zero>
          <Function test_sub_self_is_zero>
          <Function test_sub_zero>
          <Function test_safe_div_self_is_one>
          <Function test_safe_div_zero_zero_is_zero>
          <Function test_commutative_swap>
          <Function test_associativity>
          <Function test_mul_commutative>
          <Function test_neg_neg>
          <Function test_constant_folding_add>
          <Function test_constant_folding_sub>
          <Function test_constant_folding_mul>
          <Function test_constant_folding_mixed>
          <Function test_constant_folding_safe_div>
          <Function test_folded_expression_hashes_as_constant>
          <Function test_hash_deterministic>
          <Function test_different_expressions_different_hash>
          <Function test_hash_distinguishes_features>
        <Class TestComplexityScore>
          <Function test_leaf>
          <Function test_binary>
          <Function test_rolling_mean_weight_1>
          <Function test_ema_weight_2>
          <Function test_rolling_quantile_weight_3>
          <Function test_residualize_weight_5>
          <Function test_nested>
        <Class TestMaxLookback>
          <Function test_leaf_zero>
          <Function test_lag>
          <Function test_diff>
          <Function test_rolling_window>
          <Function test_ema_span>
          <Function test_nested_combination>
          <Function test_max_over_branches>
          <Function test_cs_rank_no_lookback>
        <Class TestSerialization>
          <Function test_roundtrip>
          <Function test_roundtrip_json>
          <Function test_roundtrip_preserves_hash>
          <Function test_unknown_op_rejected>
          <Function test_from_dict_uses_whitelisted_ops>
        <Class TestSafeMath>
          <Function test_safe_div_zero_denominator_no_nan>
          <Function test_safe_div_small_denominator_clamped>
          <Function test_safe_div_numerator_nan_propagates>
          <Function test_signed_log1p_zero>
          <Function test_signed_log1p_negative>
          <Function test_signed_log1p_positive>
          <Function test_signed_sqrt_zero>
          <Function test_signed_sqrt_negative>
          <Function test_signed_sqrt_positive>
          <Function test_nan_constant_rejected>
        <Class TestSafeParse>
          <Function test_parse_arithmetic>
          <Function test_parse_division_is_safe_div>
          <Function test_parse_function_calls>
          <Function test_parse_pct_change_roll>
          <Function test_parse_safe_div_with_epsilon>
          <Function test_parse_residualize>
          <Function test_parse_eval_rejected>
          <Function test_parse_exec_rejected>
          <Function test_parse_import_rejected>
          <Function test_parse_attribute_access_rejected>
          <Function test_parse_subscript_rejected>
          <Function test_parse_lambda_rejected>
          <Function test_parse_boolop_rejected>
          <Function test_parse_string_literal_rejected>
          <Function test_parse_assignment_rejected>
          <Function test_parse_unknown_function_rejected>
          <Function test_parse_unknown_feature_rejected>
          <Function test_parse_bare_eval_name_rejected>
          <Function test_parse_reserved_feature_name_rejected>
          <Function test_parse_syntax_error>
          <Function test_parse_wrong_arity>
          <Function test_parse_non_constant_param_rejected>
          <Function test_parse_pow_rejected>
          <Function test_parse_chain_comparison_rejected>
          <Function test_parsed_expr_roundtrip>
          <Function test_parsed_expr_can_evaluate>
        <Class TestPrimitiveRegistry>
          <Function test_register_and_get>
          <Function test_duplicate_registration_rejected>
          <Function test_feature_types_mapping>
          <Function test_registry_parse>
          <Function test_registry_parse_unknown_feature>
          <Function test_allowed_operators_is_whitelist>
          <Function test_feature_def_validation>
      <Module test_bf05_evaluation.py>
        <Class TestFastScreen>
          <Function test_passes_clean_data>
          <Function test_fails_small_sample>
          <Function test_fails_data_quality_fail>
          <Function test_fails_zero_variance>
          <Function test_fails_high_missing>
          <Function test_fails_duplicate_hash>
          <Function test_fails_high_complexity>
          <Function test_extreme_values_detected>
        <Class TestBenjaminiHochberg>
          <Function test_single_pvalue>
          <Function test_all_significant>
          <Function test_none_significant>
          <Function test_mixed_significance>
          <Function test_empty_input>
        <Class TestHolm>
          <Function test_basic>
          <Function test_all_rejected>
          <Function test_empty>
        <Class TestDeflatedSharpeRatio>
          <Function test_single_trial>
          <Function test_many_trials_deflates>
          <Function test_negative_sharpe>
        <Class TestPBO>
          <Function test_perfect_correlation_low_pbo>
          <Function test_reverse_correlation_high_pbo>
        <Class TestMultipleTestingGate>
          <Function test_incomplete_pbo_evidence_cannot_pass>
          <Function test_complete_multiple_testing_evidence_can_pass>
        <Class TestFoldBuilder>
          <Function test_build_folds_basic>
          <Function test_folds_have_purge_and_embargo>
          <Function test_no_folds_for_empty_range>
        <Class TestPurgedWalkForward>
          <Function test_insufficient_samples_returns_unverifiable>
          <Function test_fold_dates_non_empty>
          <Function test_nonzero_label_horizon_keeps_oos_samples>
        <Class TestCPCV>
          <Function test_all_test_blocks_are_purged_and_path_count_is_explicit>
          <Function test_fewer_than_required_paths_is_unverifiable>
        <Class TestStability>
          <Function test_time_split_stable>
          <Function test_volatility_regime>
          <Function test_cost_stress>
        <Class TestCostModel>
          <Function test_default_model>
          <Function test_longer_hold_more_funding>
          <Function test_impact_scales_with_size>
          <Function test_unknown_model_detected>
        <Class TestCapacityEvaluator>
          <Function test_capacity_curve>
          <Function test_cost_not_viable_when_unknown>
          <Function test_cost_viable_positive>
      <Module test_bf08_typed_graph.py>
        <Class TestFilterResultSemantics>
          <Function test_filter_result_has_no_direction_field>
          <Function test_filter_cannot_output_long_short>
          <Function test_entry_proposal_has_side>
        <Class TestFeatureNodeDataQuality>
          <Coroutine test_missing_feature_is_blocked_without_zero_fill>
          <Coroutine test_non_finite_feature_is_blocked>
          <Coroutine test_complete_features_are_passed_through_with_hash>
        <Class TestTypedAlphaGraph>
          <Coroutine test_entry_long_filter_veto_results_no_action>
          <Coroutine test_entry_long_filter_accept_preserves_direction>
          <Coroutine test_entry_long_bearish_filter_not_become_short>
          <Coroutine test_degrade_multipliers_reduce_confidence_and_strength>
          <Coroutine test_same_input_produces_same_hash>
          <Coroutine test_no_entry_node_returns_no_action>
          <Coroutine test_filter_fails_closed_default>
          <Coroutine test_graph_hash_deterministic>
          <Coroutine test_multiple_filters_all_accept>
      <Module test_bf09_half_life.py>
        <Class TestHalfLifeFix>
          <Function test_ar1_mean_reverting_positive_half_life>
          <Function test_random_walk_has_large_half_life>
          <Function test_insufficient_data>
          <Function test_half_life_formula_agreement>
        <Class TestRobustZscore>
          <Function test_normal_data>
          <Function test_outlier_detection>
          <Function test_constant_data_zero_scores>
      <Module test_binance_adapter.py>
        <Class TestBinanceReferenceData>
          <Function test_no_guessing_tick_from_price_decimals>
          <Function test_missing_instrument_returns_none>
          <Function test_detect_rule_change>
        <Class TestBinanceHealthMonitor>
          <Function test_venue_health_starts_unknown>
          <Function test_unknown_not_safe_for_new_risk>
          <Function test_healthy_is_safe>
          <Function test_maintenance_not_safe>
          <Function test_instrument_exit_only_on_maintenance>
          <Function test_instrument_quarantined_on_unavailable>
        <Class TestBinanceAdapter>
          <Function test_capabilities_include_futures>
          <Function test_venue_id_is_binance>
          <Function test_health_monitor_accessible>
          <Coroutine test_user_listen_key_lifecycle_stays_inside_adapter_boundary>
          <Coroutine test_account_info_uses_venue_permissions_and_rejects_withdrawal>
          <Coroutine test_account_info_unknown_permission_is_fail_closed>
          <Function test_error_normalization>
          <Coroutine test_order_write_and_reduce_only_cross_adapter_boundary>
          <Coroutine test_risk_increasing_order_submits_once_with_stable_identity_and_bound_ack>
          <Coroutine test_exit_only_write_is_not_blocked_by_unknown_venue_health>
          <Coroutine test_order_ack_mismatch_is_unknown_not_adopted>
          <Coroutine test_order_submission_failure_preserves_exchange_code_for_idempotent_recovery>
          <Coroutine test_risk_increasing_write_remains_blocked_by_unknown_venue_health>
          <Coroutine test_cancel_and_status_use_adapter_transport>
          <Coroutine test_cancel_ack_identity_or_terminal_status_mismatch_is_unknown>
          <Coroutine test_client_order_recovery_query_requires_bound_identity>
          <Coroutine test_position_query_preserves_signed_position_amount>
          <Coroutine test_balance_query_rejects_non_finite_rows>
          <Coroutine test_balance_query_preserves_verified_signed_rows>
          <Coroutine test_missing_transport_is_unknown_not_success>
          <Function test_algo_snapshot_requires_complete_venue_fields>
          <Function test_algo_snapshot_parses_boolean_strings_strictly>
          <Coroutine test_open_algo_inventory_is_typed_and_uses_adapter_boundary>
          <Coroutine test_create_algo_order_binds_reduce_only_ack_to_request>
          <Coroutine test_create_algo_order_rejects_mismatched_client_identity>
          <Coroutine test_create_algo_order_rejects_mismatched_trigger_price>
          <Coroutine test_create_algo_order_preserves_transport_failure_semantics>
          <Coroutine test_create_algo_order_rejects_mismatched_or_unproven_ack>
          <Coroutine test_user_event_without_sequence_is_not_trusted>
          <Coroutine test_user_sequence_gap_is_blocked>
      <Module test_binance_rest_client.py>
        <Function test_sync_urlopen_handles_large_response_and_preserves_http_errors>
        <Function test_convenience_methods_share_one_request_boundary>
        <Function test_signed_success_adds_timestamp_signature_and_auth_header>
        <Function test_binance_business_error_is_classified_without_retry>
        <Function test_network_failure_retries_then_fails_closed>
        <Function test_rate_limit_retries_and_circuit_breaker_blocks>
        <Function test_http_5xx_retryable_error_and_business_rejection>
        <Function test_account_capability_requires_all_independent_facts>
        <Function test_account_capability_rejects_venue_withdrawal_permission>
      <Module test_binance_ws_client.py>
        <Function test_stream_helpers_validate_and_build_deterministic_urls>
        <Function test_read_frame_supports_lengths_and_masking>
        <Function test_recv_message_reassembles_fragments_and_preserves_control_frames>
        <Function test_send_frame_masks_payload_and_supports_extended_lengths>
        <Function test_handshake_validates_status_and_accept_header>
        <Function test_close_payload_and_connection_abort>
        <Function test_subscription_groups_dispatch_callbacks_and_unsubscribe>
        <Function test_group_text_dispatch_state_hooks_and_invalid_messages>
        <Function test_sync_subscription_and_callback_exceptions_are_bounded>
      <Module test_capacity_model.py>
        <Class TestSignalAwareImpact>
          <Function test_adv_aware_impact_uses_participation>
          <Function test_adv_missing_falls_back_to_legacy>
          <Function test_zero_notional_returns_zero_impact>
          <Function test_high_participation_produces_high_impact>
          <Function test_total_cost_includes_impact_and_fees>
        <Class TestSignalAwareImpactModel>
          <Function test_strong_signals_produce_higher_turnover>
          <Function test_empty_predictions_returns_zero>
          <Function test_adv_unknown_falls_back_to_legacy>
          <Function test_nan_predictions_filtered>
        <Class TestCapacityEvaluatorSignalAware>
          <Function test_capacity_curve_uses_predictions>
          <Function test_higher_aum_produces_lower_net_return>
          <Function test_adv_unknown_does_not_crash>
          <Function test_negative_gross_return_returns_zero_capacity>
          <Function test_breaking_point_found_in_curve>
        <Class TestCapacityGate>
          <Function test_gate_passes_for_healthy_strategy>
          <Function test_gate_fails_for_unhealthy_strategy>
          <Function test_cost_model_unknown_blocks_gate>
          <Function test_severe_cost_decay_blocks_viability>
          <Function test_negative_net_return_blocks_viability>
        <Class TestMutationCapacityModel>
          <Function test_mutation_fixed_impact_underestimates_large_orders>
          <Function test_mutation_no_adv_model_gives_false_capacity>
      <Module test_certification.py>
        <Class TestCertificationScenario>
          <Function test_scenario_creation>
          <Function test_scenario_result_pass>
          <Function test_scenario_result_fail>
          <Function test_not_verifiable>
        <Class TestGateCertificate>
          <Function test_pass_certificate>
          <Function test_fail_certificate_with_blocking>
        <Class TestCertificationFramework>
          <Function test_register_scenario>
          <Function test_register_wrong_gate_raises>
          <Function test_not_complete_until_all_run>
          <Function test_evaluate_all_pass>
          <Function test_evaluate_blocking_fail>
          <Function test_pass_without_required_evidence_is_not_verifiable>
        <Class TestG5TestnetCertification>
          <Function test_default_scenarios_registered>
          <Function test_idempotency_pass>
          <Function test_idempotency_fail>
          <Function test_idempotency_not_verifiable>
          <Function test_full_evaluation>
        <Class TestG6ShadowCertification>
          <Function test_default_scenarios>
          <Function test_runtime_check_pass>
          <Function test_runtime_check_time_compressed>
          <Function test_runtime_check_insufficient>
        <Class TestG7LiveCertification>
          <Function test_default_scenarios>
          <Function test_l2_canary_has_extra_scenarios>
          <Function test_evaluate_all_pass>
        <Class TestG8UnattendedCertification>
          <Function test_default_scenarios>
          <Function test_elapsed_time_pass>
          <Function test_elapsed_time_fail>
          <Function test_owner_disconnect_safe_lock>
          <Function test_owner_disconnect_auto_resume_fail>
        <Class TestCertificationManager>
          <Function test_register_frameworks>
          <Function test_can_promote_sequential>
          <Function test_cannot_promote_without_pass>
          <Function test_cannot_skip_gates>
          <Function test_any_p0_failure>
          <Function test_evaluate_all>
      <Module test_certification_evidence_bundle.py>
        <Function test_bundle_hash_binds_provenance_and_references>
        <Function test_pass_bundle_requires_bound_evidence>
        <Function test_postgres_factor_store_does_not_invent_localhost_authority>
      <Module test_config_v3.py>
        <Function test_unknown_environment_falls_back_to_non_trading_loopback_defaults>
        <Function test_shadow_is_explicitly_non_trading>
        <Function test_plaintext_credentials_are_rejected>
        <Function test_structured_postgresql_config_becomes_runtime_dsn_without_password>
        <Function test_database_url_environment_override_is_redacted_from_config_hash>
      <Module test_control_api.py>
        <Function test_emergency_action_is_not_successful_when_control_plane_is_unwired>
        <Function test_emergency_action_records_success_only_after_control_plane_executes>
      <Module test_control_gate.py>
        <Class TestRiskDirectionClassification>
          <Function test_entry_buy_is_increase>
          <Function test_entry_sell_is_increase>
          <Function test_reduce_only_is_reduce>
          <Function test_close_position_is_flatten>
          <Function test_negative_quantity_is_reduce>
          <Function test_cancel_order_is_cancel>
          <Function test_query_is_query>
        <Class TestControlAllowMatrix>
          <Function test_no_new_risk_rejects_increase>
          <Function test_no_new_risk_allows_reduce>
          <Function test_no_new_risk_allows_flatten>
          <Function test_exit_only_rejects_increase>
          <Function test_lock_rejects_increase>
          <Function test_lock_rejects_reduce>
          <Function test_lock_allows_query>
          <Function test_resume_allows_all>
          <Function test_every_state_defines_matrix>
        <Class TestIntentValidation>
          <Function test_no_new_risk_accepts_reduce_order>
          <Function test_no_new_risk_rejects_entry_order>
          <Function test_lock_rejects_entry_order>
          <Function test_lock_rejects_reduce_without_emergency>
          <Function test_lock_rejects_flatten_without_emergency>
          <Function test_lock_rejects_all_including_emergency>
          <Function test_resume_accepts_all_intents>
          <Function test_rejection_yields_incrementing_count>
        <Class TestRaceConditionSafety>
          <Function test_state_change_rejects_queued_intents>
          <Function test_version_increments_on_action_change>
          <Function test_version_tracks_all_changes>
        <Class TestRejectionAudit>
          <Function test_rejection_contains_required_fields>
          <Function test_rejection_record_to_dict>
          <Function test_rejection_reason_code_format>
        <Class TestStatePersistence>
          <Function test_state_persisted_to_disk>
          <Function test_restore_respects_higher_disk_version>
          <Function test_memory_version_higher_ignores_disk>
        <Class TestUnknownFailClosed>
          <Function test_unknown_direction_treated_as_increase>
          <Function test_default_matrix_does_not_allow_unknown>
      <Module test_engine_readiness_contract.py>
        <Function test_durable_facts_fail_closed_without_backend>
        <Function test_venue_account_permissions_are_explicit_and_fail_closed[account0-True-OK-False]>
        <Function test_venue_account_permissions_are_explicit_and_fail_closed[account1-False-WITHDRAWAL_PERMISSION_ENABLED-True]>
        <Function test_venue_account_permissions_are_explicit_and_fail_closed[account2-False-ACCOUNT_PERMISSION_UNKNOWN-True]>
        <Function test_durable_facts_block_unknown_or_untracked_orders[orders0-outbox_stats0-DURABLE_ORDER_UNKNOWN]>
        <Function test_durable_facts_block_unknown_or_untracked_orders[orders1-outbox_stats1-DURABLE_OUTBOX_UNKNOWN]>
        <Function test_durable_facts_block_unknown_or_untracked_orders[orders2-outbox_stats2-DURABLE_ACTIVE_ORDER_UNTRACKED]>
        <Function test_durable_unknown_order_is_never_reclassified_without_exchange_evidence>
        <Coroutine test_unqueryable_restored_order_remains_unknown>
        <Coroutine test_unknown_intent_lookup_failure_is_not_requeued>
        <Coroutine test_unknown_intent_identity_bound_venue_fact_is_acknowledged>
        <Coroutine test_unknown_intent_order_fact_persistence_failure_stays_unknown>
        <Coroutine test_unknown_intent_mismatched_lookup_identity_stays_unknown>
        <Coroutine test_algo_failure_preserves_sanitized_exchange_semantics>
        <Function test_protection_client_algo_id_is_stable_and_bound_to_exact_command>
        <Function test_protection_algo_params_use_each_exit_slice_quantity>
        <Function test_protection_algo_params_reject_non_finite_quantity>
        <Function test_protection_algo_params_reject_quantity_that_rounds_to_zero>
        <Function test_live_durable_facts_block_active_order_without_current_worker_ownership>
        <Function test_owned_active_order_intersection_never_claims_unowned_venue_order>
        <Function test_alpha_graph_never_executes_challenger_in_writable_testnet[testnet-False-expected0]>
        <Function test_alpha_graph_never_executes_challenger_in_writable_testnet[paper-True-expected1]>
        <Function test_alpha_graph_rebuild_uses_factor_ids_for_mutable_active_records>
        <Function test_alpha_graph_rebuild_is_deterministic_for_registry_order>
        <Function test_final_send_rejects_order_payload_mutation_after_approval>
        <Function test_final_send_blocks_risk_increase_without_signed_policy_but_allows_governed_close>
        <Function test_execution_slices_cannot_change_signed_order_semantics>
        <Function test_protection_coverage_requires_exact_side_generation_and_quantity>
        <Function test_protection_coverage_rejects_orphans_and_local_position_without_venue_fact>
        <Function test_startup_protection_recovery_checks_venue_inventory_for_local_projection>
        <Function test_startup_unprotected_position_never_uses_raw_algo_recovery_bypass>
        <Function test_startup_hydrates_ack_backed_protection_without_duplicate_creation>
        <Function test_startup_durable_protection_hydration_blocks_without_venue_inventory>
        <Function test_protection_cleanup_requires_fresh_matched_reconciliation>
        <Function test_protection_inventory_rejects_semantic_mismatch>
        <Function test_engine_liveness_and_trading_readiness_require_fresh_reconciliation>
        <Function test_engine_ready_gate_requires_all_runtime_facts>
        <Function test_writable_readiness_requires_live_user_stream_event_fact>
        <Function test_testnet_user_stream_gap_remains_fail_closed>
        <Function test_user_stream_runtime_starts_and_stops_without_rest_fallback>
        <Function test_writable_stopped_engine_cannot_claim_health_or_readiness>
        <Function test_realtime_liveness_uses_monotonic_age_not_wall_clock>
      <Module test_engine_signal_contracts.py>
        <Function test_missing_entry_features_cannot_create_a_symbol_or_direction>
        <Function test_missing_filter_features_are_vetoes_without_direction_semantics>
        <Function test_filters_never_emit_entry_directions_on_valid_features>
        <Function test_mean_reversion_requires_price_series_and_market_features>
        <Function test_market_state_and_sizing_fail_closed_on_unknown_inputs>
        <Function test_websocket_quote_requires_explicit_two_sided_finite_prices>
        <Function test_duplicate_order_recovery_requires_exact_identity_and_semantics>
        <Function test_ambiguous_order_status_is_durable_unknown_and_closes_risk>
        <Function test_filled_without_positive_execution_facts_cannot_become_filled>
        <Function test_leverage_error_never_treats_requested_value_as_exchange_readback>
        <Function test_leverage_error_accepts_only_positive_exchange_readback>
      <Module test_exchange.py>
        <Class TestCapabilityMatrix>
          <Function test_register_and_query_capabilities>
          <Function test_unsupported_capability_returns_unsupported>
          <Function test_unknown_venue_returns_unknown>
          <Function test_instrument_available_on>
          <Function test_venue_has_instrument>
        <Class TestExchangeRouter>
          <Function test_resolve_venue_instrument>
          <Function test_resolve_unknown_venue>
          <Function test_get_adapter_none_for_unknown>
          <Function test_duplicate_adapter_raises>
        <Class TestErrorNormalizer>
          <Function test_known_error_normalized>
          <Function test_unknown_error_defaults_to_unknown>
          <Function test_rate_limit_normalized>
          <Function test_custom_venue_mapping>
      <Module test_execution.py>
        <Class TestIntentOutbox>
          <Function test_commit_and_send>
          <Function test_duplicate_rejected>
          <Function test_memory_unknown_intent_is_not_blindly_reclaimed>
          <Function test_memory_unknown_positive_exchange_fact_closes_the_exact_identity>
          <Function test_sqlite_outbox_survives_restart_and_preserves_unknown>
          <Function test_sqlite_outbox_marks_sending_unknown_on_restart>
          <Function test_sqlite_outbox_commits_approval_and_intent_together>
          <Function test_persistent_duplicate_identity_probe_is_fail_closed_and_counts_reuse>
          <Function test_memory_duplicate_identity_probe_is_unknown>
        <Class TestLeaseManager>
          <Function test_acquire_release>
        <Class TestFencing>
          <Function test_fenced_executor_blocked>
          <Function test_active_executor_allowed>
          <Function test_old_generation_blocked>
        <Class TestOrderStateMachine>
          <Function test_normal_flow>
          <Function test_cancel_flow>
          <Function test_unknown_recovery>
        <Class TestImmutableLedger>
          <Function test_post_balanced_transaction>
          <Function test_reject_unbalanced_transaction>
          <Function test_reject_duplicate_event_id>
          <Function test_reversal_transaction>
          <Function test_trial_balance>
          <Function test_rebuild_projection>
          <Function test_fee_transaction>
        <Class TestReconciliation>
          <Function test_matched>
          <Function test_balance_mismatch>
        <Class TestEmergencyFlatten>
          <Function test_policy_is_versioned>
          <Function test_no_mechanical_add_from_funding>
          <Coroutine test_flatten_uses_governed_executor_not_direct_rest>
      <Module test_execution_algorithms.py>
        <Class TestPostOnlyAlgorithm>
          <Function test_can_handle_low_urgency_with_limit>
          <Function test_cannot_handle_high_urgency>
          <Function test_plan_creates_single_slice>
        <Class TestPassiveAlgorithm>
          <Function test_can_handle_low_spread_low_urgency>
          <Function test_cannot_handle_high_spread>
        <Class TestMarketableLimitAlgorithm>
          <Function test_can_handle_with_limit>
          <Function test_plan_uses_limit_price>
        <Class TestIOCAlgorithm>
          <Function test_can_handle_high_urgency>
          <Function test_plan_ioc_single>
        <Class TestTWAPAlgorithm>
          <Function test_can_handle_moderate_urgency>
          <Function test_plan_generates_correct_slices>
          <Function test_cancels_when_cost_exceeds_alpha>
          <Function test_slices_have_sequence_numbers>
          <Function test_total_quantity_equals_original>
        <Class TestPOVAlgorithm>
          <Function test_can_handle_with_depth>
          <Function test_plan_respects_participation_rate>
          <Function test_cancels_when_cost_high>
        <Class TestAdaptiveSliceAlgorithm>
          <Function test_can_handle_normal_market>
          <Function test_plan_adapts_to_market>
          <Function test_cancels_high_cost>
        <Class TestEmergencyReduceOnlyAlgorithm>
          <Function test_can_handle_high_urgency_sell>
          <Function test_cannot_handle_low_urgency>
          <Function test_can_handle_buy_for_short_positions>
          <Function test_plan_market_order>
        <Class TestExecutionAlgorithmSelector>
          <Function test_selects_post_only_for_low_urgency>
          <Function test_selects_ioc_for_high_urgency>
          <Function test_selects_emergency_for_critical>
          <Function test_restricted_to_approved_set>
          <Function test_only_approved_algorithms_available>
          <Function test_update_quality_improves_score>
          <Function test_update_quality_reduces_score>
          <Function test_fallback_when_none_applicable>
        <Class TestSliceInvariantChecker>
          <Function test_valid_slice_passes>
          <Function test_zero_quantity_fails>
          <Function test_exceeds_approved_quantity_fails>
          <Function test_exceeds_slippage_limit_fails>
          <Function test_alpha_depleted_fails>
          <Function test_validate_plan_safety>
          <Function test_canceled_plan_is_always_valid>
        <Class TestExecutionContext>
          <Function test_context_creation>
          <Function test_context_urgency_range>
          <Function test_context_high_urgency_emergency>
      <Module test_factor_live_pairing.py>
        <Function test_prediction_pairs_only_with_next_closed_bar_forward_return>
        <Function test_same_bar_polling_and_gaps_do_not_duplicate_or_change_horizon>
        <Function test_symbol_scopes_never_mix_factor_samples>
      <Module test_factor_research.py>
        <Class TestFactorLifecycle>
          <Function test_idea_to_research>
          <Function test_full_lifecycle_path>
          <Function test_invalid_transition_rejected>
          <Function test_retired_cannot_transition>
          <Function test_suspended_restarts_as_challenger>
          <Function test_degraded_to_suspended>
          <Function test_degraded_can_recover>
          <Function test_all_transitions_in_valid_set>
        <Class TestFactorEvaluator>
          <Function test_ic_computation>
          <Function test_ic_zero_for_short_series>
          <Function test_rank_ic>
          <Function test_rank_ic_negative>
          <Function test_icir_from_series>
          <Function test_icir_low_performance>
          <Function test_decile_spread>
          <Function test_turnover_zero>
          <Function test_turnover_full>
          <Function test_vif_no_collinearity>
          <Function test_vif_high_collinearity>
          <Function test_marginal_contribution>
          <Function test_marginal_contribution_high_collinearity>
        <Class TestFactorRegistry>
          <Function test_register_factor>
          <Function test_retire_factor_preserves_evidence>
          <Function test_retired_factor_not_in_active>
          <Function test_restart_retired_as_new_idea>
          <Function test_promote_to_active_requires_performance>
          <Function test_promote_low_icir_fails>
          <Function test_cross_venue_stability>
          <Function test_cross_venue_instability>
          <Function test_cross_venue_below_threshold>
          <Function test_degrade_active_factor>
          <Function test_suspend_factor>
          <Function test_retired_evidence_complete>
        <Class TestFactorPerformance>
          <Function test_performance_creation>
          <Function test_performance_with_venue_breakdown>
      <Module test_fw03_e2e_mining.py>
        <Class TestEndToEndMining>
          <Function test_dataset_manifest_requires_sha256_format>
          <Function test_policy_yaml_binds_all_cost_inputs_and_version>
          <Function test_strict_policy_run_does_not_fall_back_to_default_grid>
          <Function test_evidence_bundle_requires_independent_feature_and_cost_binding>
          <Function test_evidence_bundle_hash_binds_stability_and_capacity>
          <Function test_missing_ohlcv_columns_are_not_inferred_from_close>
          <Function test_full_pipeline_synthetic_data>
          <Function test_evidence_bundle_sealed>
          <Function test_evidence_records_real_validation_gates_and_unbound_manifest_blocks>
          <Function test_missing_closed_bar_metadata_is_not_verifiable>
          <Function test_multiple_testing_integration>
          <Function test_persistence_roundtrip>
          <Function test_synthetic_factor_detects_mean_reversion>
      <Module test_g7_certification_integration.py>
        <Function test_supervisor_persists_one_complete_cycle_and_idempotent_daily_report>
        <Function test_supervisor_p0_opens_incident_and_resets_g7_window>
      <Module test_gate_verifier.py>
        <Function test_legacy_g5_certificate_is_not_verifiable>
        <Function test_g5_warn_withdraw_and_missing_scenario_block_pass>
        <Function test_simulated_g7_certificate_is_not_verifiable>
        <Function test_real_g7_certificate_with_bound_evidence_passes>
      <Module test_guard.py>
        <Class TestEnvironmentModes>
          <Function test_paper_mode_allowed>
          <Function test_testnet_mode_allowed_without_credentials>
          <Function test_production_mode_blocked>
          <Function test_safety_only_maps_to_own_mode>
          <Function test_paper_mode_still_valid>
        <Class TestMainnetURLDetection>
          <Function test_testnet_url_allowed>
          <Function test_mainnet_url_blocked_binance_com>
          <Function test_mainnet_url_blocked_api_binance>
          <Function test_localhost_allowed>
        <Class TestCredentialValidation>
          <Function test_paper_mode_no_credentials_needed>
          <Function test_testnet_mode_requires_credentials>
          <Function test_testnet_valid_credentials>
        <Class TestFullModeRequirements>
          <Function test_write_mode_requires_testnet_url>
          <Function test_g5_certificate_checked_by_ladder>
          <Function test_write_mode_passes_with_valid_credentials>
        <Class TestControlPlaneNoAutoResume>
          <Function test_control_plane_defaults_to_no_new_risk>
          <Function test_resume_is_explicit_only>
        <Class TestAuditEvents>
          <Function test_audit_event_generation>
          <Function test_audit_events_written_to_disk>
        <Class TestForbiddenClaimsScan>
          <Function test_forbidden_claims_detected>
          <Function test_clean_directory_no_claims>
        <Class TestModeMatrix>
          <Function test_research_mode_no_write>
          <Function test_paper_mode_no_write>
          <Function test_shadow_mode_no_write>
          <Function test_safety_only_no_write>
          <Function test_testnet_can_write>
          <Function test_canary_blocked>
          <Function test_live_blocked>
          <Function test_unknown_mode_fail_closed>
        <Class TestSafetyOnlyWriteBlocking>
          <Function test_safety_only_gate_passes_without_credentials>
          <Function test_safety_only_mainnet_url_still_blocked>
          <Function test_all_zero_write_modes_pass_without_credentials>
        <Class TestNoAutoResume>
          <Function test_control_plane_never_auto_resumes>
          <Function test_engine_code_has_no_sleep_resume>
      <Module test_health_server.py>
        <Function test_health_server_exposes_distinct_default_layers>
        <Function test_health_uptime_uses_monotonic_clock>
        <Function test_health_server_callbacks_preserve_degraded_vs_unhealthy_semantics>
        <Function test_unhealthy_liveness_returns_http_503>
      <Module test_infrastructure.py>
        <Class TestFactSource>
          <Function test_authoritative_sources>
          <Function test_clickhouse_not_authoritative>
          <Function test_analytics_not_authoritative>
          <Function test_order_fact_source>
          <Function test_analytics_fact_source>
        <Class TestRPO_RTO>
          <Function test_target_creation>
        <Class TestBackupVerification>
          <Function test_valid_backup>
          <Function test_invalid_backup_missing_ledger>
          <Function test_backup_without_reconciliation_is_not_valid>
          <Function test_sqlite_backup_is_verified_and_encryption_requires_explicit_key>
        <Class TestDisasterRecovery>
          <Function test_default_no_new_risk>
          <Function test_cannot_trade_without_account_facts>
          <Function test_can_trade_after_account_restore>
        <Class TestHealthProbes>
          <Function test_startup_ready>
          <Function test_startup_not_ready>
          <Function test_liveness_alive>
          <Function test_readiness_trading_eligibility_separate>
          <Function test_trading_eligible_when_all_ok>
      <Module test_kernel_parity_contract.py>
        <Function test_parity_hash_binds_side_attribution_and_confidence>
        <Function test_parity_requires_backtest_and_paper_and_rejects_not_run>
        <Function test_parity_compares_testnet_when_supplied>
        <Function test_legacy_object_hash_is_not_only_direction_strength_confidence>
        <Coroutine test_typed_kernel_never_falls_back_after_veto>
        <Function test_kernel_proposal_hash_uses_final_result>
        <Function test_retired_research_kernel_cannot_fabricate_walk_forward_folds>
      <Module test_launcher.py>
        <Function test_registry_is_complete>
        <Function test_blocking_semantics>
        <Function test_instance_lock_removes_stale_pid>
        <Function test_console_script_aliases>
        <Function test_launcher_requires_explicit_symbol_universe>
        <Function test_engine_rejects_missing_or_fixed_symbol_universe>
        <Function test_critical_alert_delivery_is_a_runtime_p0_blocker>
        <Function test_stopped_engine_loop_is_runtime_p0_after_resume_authorization>
        <Function test_runtime_heartbeat_evidence_declares_monotonic_clock>
        <Function test_authority_reconciliation_fact_is_required_and_fresh>
        <Function test_writable_runtime_requires_user_stream_fact_boundary>
        <Function test_protection_coverage_moved_to_monitoring[algo_ids0-FAIL]>
        <Function test_protection_coverage_moved_to_monitoring[algo_ids1-PASS]>
        <Function test_protection_coverage_moved_to_monitoring[algo_ids2-PASS]>
        <Function test_stop_requires_fresh_matching_process_identity>
        <Function test_start_entrypoint_does_not_force_kill_an_existing_instance>
        <Function test_launchagent_template_is_direct_and_fail_closed>
        <Function test_stop_rejects_pid_state_mismatch>
        <Function test_force_stop_existing_never_signals_unverified_pid>
        <Function test_monitoring_execution_failure_is_a_p0_blocker>
        <Function test_nonwrite_exchange_interlock_blocks_mutations>
        <Function test_reconciliation_moved_to_monitoring>
        <Function test_writable_monitoring_reconciliation_requires_authoritative_three_way_fact>
      <Module test_lifecycle.py>
        <Class TestModuleStateMachine>
          <Function test_normal_boot_sequence>
          <Function test_cannot_skip_states>
          <Function test_degradation_path>
          <Function test_locked_is_terminal>
          <Function test_restart_not_directly_active>
          <Function test_failed_can_reprovision>
        <Class TestDegradation>
          <Function test_active_lowest_priority>
          <Function test_locked_highest_priority>
          <Function test_resolve_most_restrictive>
          <Function test_resolve_empty_defaults_active>
        <Class TestHealthEvidence>
          <Function test_unhealthy_when_invariants_invalid>
          <Function test_unhealthy_when_not_active>
          <Function test_healthy_when_all_ok>
          <Function test_unhealthy_with_incidents>
        <Class TestCapabilityNegotiation>
          <Function test_exact_match_compatible>
          <Function test_backward_compatible>
          <Function test_incompatible>
          <Function test_no_provider_unknown>
      <Module test_mapek.py>
        <Class TestFaultFingerprint>
          <Function test_exact_match_similarity>
          <Function test_no_overlap_zero_similarity>
          <Function test_partial_overlap>
        <Class TestMAPEKController>
          <Function test_no_match_triggers_lock>
          <Function test_low_similarity_triggers_lock>
          <Function test_approved_runbook_match>
          <Function test_unapproved_runbook_degrades>
          <Function test_max_restarts_prevents_infinite_loop>
          <Function test_checkpoint_save_and_retrieve>
          <Function test_invalid_checkpoint_not_retrieved>
          <Function test_verify_recovery_all_pass>
          <Function test_verify_recovery_any_fail>
      <Module test_market_data.py>
        <Coroutine test_market_data_feed_unwraps_adapter_results>
        <Coroutine test_market_data_feed_stop_ws_uses_client_close_contract>
        <Coroutine test_market_data_feed_rejects_unclosed_rest_bar>
        <Coroutine test_market_data_feed_skips_malformed_rest_rows_without_zero_or_nan_fallback>
        <Coroutine test_sync_compatibility_wrapper_is_safe_inside_running_loop>
        <Function test_kline_features_reject_non_finite_or_inconsistent_bars>
        <Function test_generated_market_features_exclude_unclosed_bar_by_default>
        <Function test_default_market_data_transport_is_exchange_adapter>
        <Function test_kline_features_carry_explicit_closed_bar_evidence>
        <Function test_closed_bar_normalizer_missing_close_flag_is_not_closed>
        <Function test_closed_bar_normalizer_missing_ohlcv_is_invalid_not_zero_filled>
        <Function test_closed_bar_normalizer_rejects_non_positive_price>
        <Class TestOrderBook>
          <Function test_best_bid_ask>
          <Function test_mid_price>
          <Function test_spread>
          <Function test_imbalance>
          <Function test_apply_update_bid>
          <Function test_apply_update_remove_zero>
          <Function test_empty_book_none_values>
        <Class TestRawLayer>
          <Function test_ingest_and_replay>
        <Class TestKLineGenerator>
          <Function test_klines_generated>
          <Function test_invalid_interval>
        <Class TestDataQuality>
          <Function test_all_pass>
          <Function test_any_fail_fails>
          <Function test_conditional_passes_for_research>
        <Class TestAutoRepair>
          <Function test_gap_detection>
      <Module test_market_data_dq.py>
        <Class TestKLineKeyIncludesInterval>
          <Function test_different_intervals_have_separate_keys>
          <Function test_same_interval_same_key>
          <Function test_multi_interval_klines_isolated>
        <Class TestBarSequenceValidatorMultiInterval>
          <Function test_different_intervals_independent_sequence>
          <Function test_same_symbol_same_interval_gap_detected>
        <Class TestDQExceptionNotSilent>
          <Function test_normalizer_counts_dq_incidents>
          <Function test_normalize_invalid_data_returns_invalid>
        <Class TestVolumeSource>
          <Function test_kline_generator_uses_incremental_volume>
          <Function test_closed_bar_has_is_closed_flag>
        <Class TestMutationMarketDQ>
          <Function test_mutation_key_without_interval_would_collide>
      <Module test_migrations.py>
        <Function test_v3_migration_contains_fact_chain_tables_and_no_destructive_sql>
        <Function test_execution_outbox_migration_contains_atomic_and_fencing_tables>
        <Function test_risk_approval_intent_hash_migration_is_forward_only>
        <Function test_runtime_records_migration_is_forward_only_and_append_audited>
        <Function test_migration_runner_bootstraps_schema_and_applies_forward_only>
        <Function test_migration_runner_rejects_checksum_drift>
      <Module test_model_control.py>
        <Class TestModelRegistry>
          <Function test_champion_promotion>
          <Function test_retire_strategy>
        <Class TestDriftDetector>
          <Function test_no_drift>
          <Function test_drift_detected>
          <Function test_should_retire>
        <Class TestControlPlane>
          <Function test_emergency_lock>
          <Function test_account_overview>
        <Class TestChaosEngine>
          <Function test_all_experiments_passed>
          <Function test_combination_fault>
          <Function test_recovery_verification_requires_strict_observation>
          <Function test_cycle_without_independent_observer_is_not_passed>
        <Class TestProductionLadder>
          <Function test_cannot_skip_levels>
          <Function test_promote_step_by_step>
          <Function test_degradation_on_drawdown>
          <Function test_no_degradation_normal>
        <Class TestReplayValidator>
          <Function test_future_function_detected>
          <Function test_survivorship_check>
          <Function test_all_checks_pass>
      <Module test_monitoring_services.py>
        <Class TestAccount>
          <Function test_none_fails>
          <Function test_stale_fails>
          <Function test_fresh_passes>
          <Function test_balance_missing>
          <Function test_balance_ok>
          <Function test_withdrawal_permission_fails_closed>
          <Function test_missing_permission_fact_fails_closed>
          <Function test_valid_permissions_pass>
        <Class TestReconciliation>
          <Function test_matched>
          <Function test_mismatch>
          <Function test_build_critical>
          <Function test_build_pass>
          <Function test_unsupported_fact_source_fails_closed>
          <Function test_unknown_fact_fails_closed>
        <Class TestProtection>
          <Function test_missing_sl>
          <Function test_protected>
          <Function test_duplicate>
          <Function test_ghost>
          <Function test_local_pending_definition_is_not_venue_coverage>
          <Function test_build_fail>
        <Class TestOrderTrace>
          <Function test_stuck>
          <Function test_healthy>
          <Function test_duplicate_identity_fails_closed>
        <Class TestModules>
          <Function test_stale>
          <Function test_ok>
          <Function test_probe_fail>
          <Function test_probe_ok>
        <Class TestFactors>
          <Function test_nan>
          <Function test_retired_refd>
          <Function test_signal_silence>
          <Function test_risk_drift>
        <Class TestFrequency>
          <Function test_init_alert>
          <Function test_promotion>
          <Function test_downgrade>
          <Function test_inv007>
        <Class TestClock>
          <Function test_init>
          <Function test_check>
        <Class TestScheduler>
          <Function test_init_alert>
        <Class TestStorm>
          <Function test_no_storm>
          <Function test_storm>
          <Function test_build>
        <Class TestIncident>
          <Function test_dedupe>
          <Function test_fsm_valid>
          <Function test_fsm_invalid>
          <Function test_remediation_auto>
          <Function test_remediation_never>
          <Function test_escalate>
        <Class TestWatchdog>
          <Function test_ok>
          <Function test_stall>
          <Function test_matrix>
        <Class TestHealth>
          <Function test_aggregate_red>
          <Function test_aggregate_green>
          <Function test_summary>
        <Class TestService>
          <Function test_status>
          <Function test_mode_contract>
        <Class TestRollout>
          <Function test_can_disable>
        <Class TestRetention>
          <Function test_tiers>
          <Function test_open_incident_pin>
          <Function test_expired>
        <Class TestBudget>
          <Function test_exhaustion>
          <Function test_execution_reserve>
        <Class TestSnapshot>
          <Function test_feed_get>
          <Function test_stale>
        <Class TestFactCollectorSvc>
          <Function test_authoritative>
          <Function test_error>
          <Function test_validate>
        <Class TestInstrumentation>
          <Function test_record>
        <Class TestRepo>
          <Function test_schema>
          <Function test_frequency>
          <Function test_evidence>
          <Function test_health>
          <Function test_incident>
      <Module test_observability.py>
        <Class TestTraceContext>
          <Function test_full_trace_lifecycle>
          <Function test_parent_child_relationship>
          <Function test_failed_span_status>
          <Function test_span_stack_maintained>
        <Class TestIncident>
          <Function test_incident_full_lifecycle>
          <Function test_capture_evidence>
          <Function test_incident_with_correlation_id>
        <Class TestAlertSuppressor>
          <Function test_critical_never_suppressed>
          <Function test_info_suppressed_when_duplicate>
          <Function test_different_keys_not_suppressed>
        <Class TestSeverityAutoActions>
          <Function test_critical_triggers_exit_only>
          <Function test_lockdown_triggers_lock>
          <Function test_high_triggers_pause>
          <Function test_info_noop>
      <Module test_operational_fact_bus.py>
        <Class TestOperationalFact>
          <Function test_fact_is_frozen>
          <Function test_fact_to_dict>
        <Class TestFactBus>
          <Function test_publish_and_query>
          <Function test_query_by_domain>
          <Function test_get_latest>
          <Function test_get_latest_payload_convenience>
          <Function test_get_latest_missing_returns_empty>
          <Function test_max_facts_cap>
          <Function test_subscribe_callback>
        <Class TestGlobalFactBus>
          <Function test_singleton_returns_same_instance>
          <Function test_reset_creates_new_instance>
        <Class TestFactDomainSeparation>
          <Function test_all_domains_distinct>
      <Module test_orderbook.py>
        <Function test_small_sequence_gap_requires_resync_without_mutating_book>
        <Function test_contiguous_sequence_updates_book>
        <Function test_previous_sequence_mismatch_requires_resync>
      <Module test_p1_batch.py>
        <Class TestRiskSnapshotImmutability>
          <Function test_snapshot_is_immutable>
          <Function test_snapshot_hash_is_stable>
          <Function test_snapshot_hash_differs_on_change>
          <Function test_freshness_gate>
          <Function test_stale_snapshot_blocks_risk_increase>
      <Module test_p1_execution_strategy.py>
        <Class TestPostOnlyExecution>
          <Function test_post_only_uses_gtx_or_post_only>
        <Class TestTrendThreshold>
          <Function test_trend_threshold_uses_returns_not_absolute_price>
          <Function test_absolute_price_threshold_rejected>
        <Class TestNodeOutputHash>
          <Function test_node_hash_binds_all_metadata>
          <Function test_str_serialization_not_used>
        <Class TestPortfolioConstraints>
          <Function test_leverage_hard_constraint_enforced>
          <Function test_leverage_zero_exposure_when_over_limit>
      <Module test_p1_final_batch.py>
        <Class TestRiskMetrics>
          <Function test_daily_loss_uses_start_of_day_equity>
          <Function test_no_risk_state_semantic_conflict>
        <Class TestApprovalPersistence>
          <Function test_nonce_consumption_must_be_persistable>
        <Class TestRateLimit>
          <Function test_rate_limit_from_response_headers>
          <Function test_rate_limit_budget_remaining>
        <Class TestExecutionAlgorithms>
          <Function test_twap_dynamic_replanning>
          <Function test_pov_uses_real_volume>
          <Function test_contextual_bandit_is_heuristic>
        <Class TestProtectionSafety>
          <Function test_trail_pct_missing_fail_closed>
          <Function test_local_cancel_not_venue_cancel>
        <Class TestControlPlaneAudit>
          <Function test_transition_cas>
          <Function test_audit_hash_complete>
        <Class TestSelfHealing>
          <Function test_mapek_recovery_must_execute_action>
        <Class TestMonitoringBoundary>
          <Function test_monitor_no_private_field_access>
          <Function test_protection_conversion_uses_real_owner>
          <Function test_monitoring_hash_binds_full_context>
        <Class TestPaperEvidence>
          <Function test_paper_write_failure_invalidates_run>
          <Function test_total_executed_naming_split>
          <Function test_evidence_merkle_bundle>
        <Class TestCertificationSchema>
          <Function test_g5_helper_schema_matches_evidence>
          <Function test_g6_runtime_schema_matches_contract>
        <Class TestTradingPool>
          <Function test_weights_must_be_signed_policy>
          <Function test_recovery_state_fully_persisted>
        <Class TestTypeSafety>
          <Function test_critical_path_mypy_zero_ignore_by_default>
      <Module test_p1_security_market.py>
        <Class TestCredentialLifecycle>
          <Function test_active_credential_validates>
          <Function test_expired_credential_rejected>
          <Function test_wrong_type_rejected>
          <Function test_ip_whitelist_enforced>
          <Function test_rotation_generates_new_credential>
          <Function test_revocation_blocks_validation>
          <Function test_key_domains_isolated>
          <Function test_signer_in_signature_payload>
          <Function test_full_config_hash_excludes_secrets>
        <Class TestMarketDataIntegrity>
          <Function test_canonical_instrument_key_required>
          <Function test_bar_volume_from_incremental_trades>
          <Function test_kline_anomaly_must_not_silent_pass>
      <Module test_paper_certification_v2.py>
        <Class TestPaperWriteFailure>
          <Function test_ledger_write_failures_marks_invalid>
          <Function test_shadow_status_has_invalid>
        <Class TestMetricSplit>
          <Function test_new_metrics_exist>
          <Function test_total_executed_backward_compat>
        <Class TestMerkleManifest>
          <Function test_manifest_contains_merkle_root>
          <Function test_manifest_in_report>
        <Class TestG5G6SchemaAlignment>
          <Function test_g5_evidence_matches_required_keys>
          <Function test_g6_evidence_matches_required_keys>
          <Function test_g6_keys_renamed_from_old_names>
        <Class TestMonitoringEvidenceHash>
          <Function test_hash_binds_entity_and_policy>
          <Function test_different_context_produces_different_hash>
      <Module test_paper_shadow.py>
        <Function test_realised_paper_cost_is_independent_of_spread_estimate>
        <Function test_shadow_gate_blocks_missing_or_deviating_cost_evidence>
        <Function test_execution_observation_does_not_self_label_future_direction>
        <Function test_same_tick_prediction_self_label_is_rejected>
      <Module test_pnl_kernel.py>
        <Class TestStrategyPnLKernel>
          <Function test_basic_pnl_chain>
          <Function test_evaluate_generates_all_metrics>
          <Function test_insufficient_data_returns_not_verifiable>
          <Function test_mismatched_lengths_raises>
          <Function test_compute_sharpe_from_pnl>
          <Function test_max_drawdown>
        <Class TestDSRPBOAdapter>
          <Function test_validate_sharpe_from_kernel>
          <Function test_invalid_sharpe_rejected>
          <Function test_prepare_dsr_input>
          <Function test_invalid_pnl_dsr_input_returns_error>
        <Class TestMutationPnLKernel>
          <Function test_mutation_metrics_not_verifiable_prevents_dsr>
          <Function test_mutation_raw_returns_bypass_detected>
      <Module test_policy_loader.py>
        <Function test_complete_signed_risk_policy_loads_without_defaults>
        <Function test_signed_policy_with_missing_parameter_is_invalid>
        <Function test_policy_loader_rejects_envelope_bound_to_different_id>
        <Function test_policy_parameter_bounds_are_fail_closed>
        <Function test_writable_engine_never_reads_unsigned_policy_default>
      <Module test_policy_registry.py>
        <Class TestPolicyLifecycle>
          <Function test_valid_lifecycle_flow>
          <Function test_invalid_transitions>
          <Function test_revoke_from_any_state>
          <Function test_expired_policy_not_effective>
          <Function test_is_effectively_active>
        <Class TestPolicyRegistry>
          <Function test_register_and_retrieve>
          <Function test_duplicate_register_raises>
          <Function test_atomic_activation>
          <Function test_activate_unsigned_fails>
          <Function test_fail_closed_when_policy_missing>
          <Function test_fail_closed_when_policy_unsigned>
          <Function test_concurrent_readers_see_atomic_switch>
          <Function test_hard_safety_policy_filter>
        <Class TestPolicySignature>
          <Function test_signature_verification_fails_tampered_data>
      <Module test_postgres_outbox.py>
        <Function test_postgres_intent_outbox_commits_approval_intent_and_event_atomically>
        <Function test_postgres_intent_outbox_rolls_back_when_outbox_insert_fails>
        <Function test_postgres_intent_outbox_rejects_unapproved_risk_increase>
        <Function test_postgres_intent_outbox_rejects_expired_approval_before_database_access>
        <Function test_postgres_intent_outbox_rejects_incomplete_approval_envelope>
        <Function test_postgres_intent_outbox_rejects_missing_exact_order_binding>
        <Function test_postgres_duplicate_identity_probe_requires_fenced_durable_facts>
        <Function test_postgres_duplicate_identity_probe_keeps_missing_identity_unknown>
        <Function test_postgres_worker_claims_with_skip_locked_and_fencing>
        <Function test_postgres_worker_unknown_resolution_never_blind_resends>
        <Function test_postgres_worker_requires_fencing_token>
        <Function test_postgres_worker_failure_moves_to_dead_letter_at_retry_limit>
        <Function test_postgres_intent_outbox_binds_claim_and_transition_to_service_owner>
        <Function test_postgres_intent_outbox_cannot_ack_pending_or_unowned_intent>
        <Function test_postgres_worker_fenced_recovery_marks_old_inflight_unknown>
        <Function test_postgres_worker_recovery_fences_prior_owner_even_with_same_live_lease>
        <Function test_postgres_intent_outbox_startup_recovery_marks_fenced_or_expired_unknown>
        <Function test_postgres_intent_outbox_recovery_fences_prior_owner_even_with_same_live_lease>
        <Function test_postgres_intent_outbox_startup_recovery_requires_fencing_token>
        <Function test_postgres_unknown_intents_expose_only_identity_bound_recovery_fields>
      <Module test_postgres_store.py>
        <Function test_postgres_store_requires_forward_migration_without_creating_schema>
        <Function test_postgres_store_rejects_missing_migration_head>
        <Function test_postgres_store_writes_projection_and_audit_event_in_one_transaction>
        <Function test_postgres_store_rollback_removes_partial_runtime_record>
        <Function test_postgres_store_immutable_fill_event_is_replay_idempotent>
      <Module test_protection.py>
        <Class TestStopLossCalculator>
          <Function test_fixed_percent_long>
          <Function test_fixed_percent_short>
          <Function test_fixed_percent_small>
          <Function test_atr_based_long>
          <Function test_atr_based_short>
          <Function test_volatility_based_long>
          <Function test_swing_long>
          <Function test_swing_short>
          <Function test_calculate_entry_routing>
          <Function test_trailing_initial_equals_fixed>
        <Class TestTakeProfitCalculator>
          <Function test_fixed_rr_long>
          <Function test_fixed_rr_short>
          <Function test_multi_target>
          <Function test_calculate_entry_routing>
          <Function test_missing_market_inputs_are_rejected>
        <Class TestProtectionManager>
          <Function test_create_long_with_sl_tp>
          <Function test_create_short_with_sl_tp>
          <Function test_multi_target_take_profit>
          <Function test_atr_stop_loss>
          <Function test_zero_distance_stop_is_rejected_at_manager_boundary>
          <Function test_take_profit_cannot_bypass_stop_loss>
          <Function test_reversed_stop_direction_is_rejected>
          <Function test_cancel_protections>
          <Function test_venue_ack_is_required_for_active_status>
          <Function test_remove_position>
          <Function test_unrealized_pnl>
          <Function test_unrealized_pnl_short>
      <Module test_reconciliation_contract.py>
        <Function test_compare_is_pure_and_requires_fresh_complete_facts>
        <Function test_compare_treats_missing_side_as_unknown>
        <Function test_compare_three_way_requires_event_stream_and_compares_all_pairs>
        <Function test_compare_rejects_non_finite_numeric_facts>
        <Function test_compare_does_not_collapse_long_and_short_positions>
        <Function test_store_reconciliation_and_fill_projections_are_idempotent>
        <Function test_opening_projection_is_consumed_without_exchange_self_heal>
        <Function test_ledger_persistence_failure_freezes_and_closes_gate>
        <Function test_runtime_reconciliation_has_no_automatic_self_heal_call>
        <Function test_legacy_exchange_state_self_heal_is_fail_closed>
        <Function test_cumulative_fill_observations_produce_one_delta_per_event>
        <Coroutine test_engine_reconciliation_failure_is_read_only_and_closes_gate>
      <Module test_release.py>
        <Class TestReleaseManager>
          <Function test_unsigned_cannot_deploy>
          <Function test_signed_can_deploy>
          <Function test_incompatible_migration_blocked>
          <Function test_rollback_changes_active>
          <Function test_rollback_unknown_fails>
          <Function test_failed_release_does_not_change_active>
      <Module test_remaining_p0.py>
        <Class TestEmergencyReduceOnly>
          <Function test_can_handle_long_position>
          <Function test_can_handle_short_position>
          <Function test_emergency_reduce_only_type>
        <Class TestOrderTerminalProtection>
          <Function test_filled_cannot_become_unknown>
          <Function test_canceled_cannot_become_unknown>
          <Function test_rejected_cannot_become_unknown>
          <Function test_normal_can_become_unknown>
          <Function test_unknown_recovery_preserves_state>
          <Function test_terminal_states_detected>
        <Class TestLeverageControl>
          <Function test_leverage_rejected_in_locked_state>
          <Function test_leverage_rejected_in_no_new_risk>
          <Function test_leverage_allowed_in_resume>
        <Class TestQuantityConservation>
          <Function test_pov_plan_respects_conservation>
        <Class TestProtectionPrecision>
          <Function test_close_pct_sum_exceeds_100_raises>
          <Function test_close_pct_sum_100_is_valid>
          <Function test_protection_precision_configurable>
      <Module test_reporting.py>
        <Class TestReportTypes>
          <Function test_all_report_types_defined>
          <Function test_evidence_tiers>
        <Class TestEvidenceEntry>
          <Function test_verified_entry>
          <Function test_not_verifiable_entry>
        <Class TestReportSection>
          <Function test_all_verified>
          <Function test_partial_coverage>
          <Function test_empty_section>
        <Class TestReport>
          <Function test_overall_tier_verified>
          <Function test_overall_tier_missing>
          <Function test_freeze_generates_checksum>
          <Function test_export_dict_structure>
        <Class TestReportGenerator>
          <Function test_daily_report_complete>
          <Function test_daily_report_missing_data>
          <Function test_weekly_report_coverage>
          <Function test_incident_report_with_resolution>
          <Function test_incident_report_unresolved>
          <Function test_strategy_performance_report>
          <Function test_strategy_performance_report_incomplete>
[...]
          <Function test_r5_pass>
          <Function test_r5_reject>
          <Function test_r5_unknown>
          <Function test_r6_pass>
          <Function test_r6_reject>
          <Function test_r7_pass>
          <Function test_r7_reject>
          <Function test_r7_no_liq_price>
          <Function test_r7_active_position_without_liq_price_is_unknown>
          <Function test_r7_missing_position_fact_is_unknown>
        <Class TestR8R9R10>
          <Function test_r8_pass>
          <Function test_r8_reject>
          <Function test_r8_missing_counts_are_unknown>
          <Function test_r9_pass>
          <Function test_r9_reject>
          <Function test_r10_pass>
          <Function test_r10_reject>
        <Class TestRiskRuleRegistry>
          <Function test_all_rules_registered>
          <Function test_evaluate_all_pass>
          <Function test_evaluate_all_with_failures>
      <Module test_rsi_factor.py>
        <Class TestRSIWilder>
          <Function test_basic_rsi_in_range>
          <Function test_insufficient_data_not_verifiable>
          <Function test_all_increasing_prices_rsi_100>
          <Function test_all_decreasing_prices_rsi_0>
          <Function test_constant_prices_rsi_neutral>
          <Function test_nan_prices_handled>
          <Function test_inf_prices_handled>
          <Function test_negative_prices_handled>
        <Class TestRSICrossValidation>
          <Function test_cross_validation_consistent>
        <Class TestRSIMutation>
          <Function test_mutation_nan_sequence_does_not_produce_nan>
          <Function test_mutation_single_value_sequence>
          <Function test_mutation_original_bug_reproduction>
      <Module test_runtime_algorithm_probe.py>
        <Coroutine test_probe_does_not_execute_legacy_graph_when_typed_graph_vetoes>
      <Module test_s2_risk_execution_safety.py>
        <Class TestRiskLevelMonotonic>
          <Function test_escalate_to_higher_level>
          <Function test_cannot_downgrade>
          <Function test_cannot_downgrade_from_emergency>
          <Function test_recover_with_evidence>
          <Function test_recover_without_evidence_fails>
          <Function test_recover_too_high_fails>
          <Function test_corrupted_state_fallback_locked>
          <Function test_unknown_string_falls_back_locked>
          <Function test_daily_breakers_persist_across_reset>
          <Function test_intraday_only_resets_to_normal>
        <Class TestApprovalLifecycle>
          <Function test_full_lifecycle>
          <Function test_cannot_approve_rejected>
          <Function test_cannot_reject_approved>
          <Function test_cannot_consume_twice>
          <Function test_approval_expires>
          <Function test_approve_if_verified_requires_both>
          <Function test_metadata_tracks_full_context>
        <Class TestRiskLevelMutation>
          <Function test_mutation_downgrade_blocked>
          <Function test_mutation_cannot_normal_after_daily_breaker>
      <Module test_s3_strategy_portfolio.py>
        <Class TestNaNThresholdBypass>
          <Function test_nan_overall_blocked_from_promotion>
          <Function test_inf_overall_blocked_from_promotion>
          <Function test_nan_sub_score_blocked>
          <Function test_valid_score_promotes>
          <Function test_out_of_range_score_blocked>
        <Class TestPortfolioOptimizer>
          <Function test_preserves_strategy_direction>
          <Function test_same_direction_scales_by_capital>
          <Function test_single_strategy_not_affected>
        <Class TestStrategyHashBinding>
          <Function test_graph_hash_binds_all_components>
          <Function test_node_output_hash_binds_metadata>
      <Module test_s4_ledger_reconciliation.py>
        <Class TestDecimalPrecision>
          <Function test_ledger_transaction_uses_decimal>
          <Function test_float_precision_loss_detected>
          <Function test_invalid_amount_raises_on_arithmetic>
        <Class TestSourceEventIdEnforcement>
          <Function test_missing_source_event_id_raises>
          <Function test_source_event_id_stripped_raises>
        <Class TestImmutableLedger>
          <Function test_ledger_balances_by_currency>
          <Function test_duplicate_source_event_rejected>
          <Function test_trial_balance_uses_decimal>
        <Class TestReconciliationTolerance>
          <Function test_fact_snapshot_complete_defaults_false>
          <Function test_balance_tolerance_uses_absolute_relative>
          <Function test_position_tolerance_uses_step_size>
      <Module test_s5_monitoring_lifecycle.py>
        <Class TestVerifyRecovery>
          <Function test_empty_invariants_returns_false>
          <Function test_all_valid_returns_true>
          <Function test_any_invalid_returns_false>
          <Function test_single_invariant>
        <Class TestHealthEvidence>
          <Function test_healthy_when_all_ok>
          <Function test_stale_data_returns_unhealthy>
          <Function test_checkpoint_lag_returns_unhealthy>
          <Function test_missing_schema_returns_unhealthy>
          <Function test_unknown_leadership_returns_unhealthy>
        <Class TestLifecycleFSM>
          <Function test_all_states_have_transitions>
          <Function test_locked_is_terminal>
          <Function test_failed_can_recover>
          <Function test_valid_transition>
          <Function test_invalid_transition_rejected>
        <Class TestRestartCounter>
          <Function test_get_restart_count_initial_zero>
          <Function test_restore_and_get_count>
          <Function test_reset_counter>
          <Function test_restore_zero_does_nothing>
      <Module test_s6_ci_certification.py>
        <Class TestGateCertificateSigning>
          <Function test_certificate_has_signature_when_key_available>
          <Function test_evidence_root_hash_included>
          <Function test_fail_certificate_not_signed>
        <Class TestReproducibleBuild>
          <Function test_pyproject_has_dependencies>
          <Function test_ci_config_exists_and_tests_all_packages>
        <Class TestTypeSafety>
          <Function test_safety_critical_no_f821_ignore>
          <Function test_f821_only_in_exchange_adapter>
      <Module test_safety_domain_contracts.py>
        <Function test_decision_store_checksum_duplicate_and_authority>
        <Function test_decision_checksum_detects_mutation>
        <Function test_approval_sign_verify_expiry_and_paper_is_non_tradable>
        <Function test_signed_approval_generation_is_part_of_signature>
        <Function test_order_state_machine_transitions_fills_and_idempotency>
        <Function test_order_unknown_freezes_symbol_and_can_recover>
        <Function test_exchange_protection_requires_exchange_ack_for_coverage>
        <Function test_position_lifecycle_tracks_protection_and_realized_pnl>
        <Function test_position_projection_replay_reverse_and_reconcile>
        <Function test_liquidation_calculator_handles_long_short_invalid_and_critical>
        <Function test_constraint_optimizer_fail_closed_and_limits_exposure>
        <Function test_real_cost_model_records_and_calibrates_oos_samples>
        <Function test_gate_certificate_defaults_to_independent_reviewer>
      <Module test_security.py>
        <Class TestPermissionMatrix>
          <Function test_market_readonly_cannot_trade>
          <Function test_account_readonly_cannot_trade>
          <Function test_trading_key_can_create_order>
          <Function test_trading_key_can_read_account>
          <Function test_withdraw_always_denied>
          <Function test_unknown_action_unsupported>
          <Function test_can_create_order_helper>
        <Class TestSecretSanitizer>
          <Function test_sanitize_api_key>
          <Function test_sanitize_nested>
          <Function test_sanitize_list_of_dicts>
          <Function test_scan_for_secrets>
          <Function test_scan_clean_text>
        <Class TestKeyRotation>
          <Function test_normal_rotation_flow>
          <Function test_cannot_rotate_already_rotating>
          <Function test_rotate_unknown_credential>
          <Function test_revoke_credential>
        <Class TestServiceIdentity>
          <Function test_service_identity_creation>
          <Function test_credential_withdraw_disabled>
        <Class TestCredentialTypes>
          <Function test_three_types_distinct>
      <Module test_security_policy_gaps.py>
        <Class TestIPWhitelistCIDR>
          <Function test_exact_ip_match>
          <Function test_cidr_subnet_match>
          <Function test_empty_whitelist_allows_all>
          <Function test_multiple_entries_any_match>
          <Function test_credential_is_allowed_ip_uses_cidr>
          <Function test_invalid_ip_rejected>
        <Class TestRotationPersistence>
          <Function test_rotation_persists_to_jsonl>
          <Function test_restore_recovers_rotations>
          <Function test_rotate_with_evidence>
        <Class TestSigningDomainSplit>
          <Function test_credential_has_domain>
          <Function test_different_domains_are_distinct>
          <Function test_domain_key_registration>
          <Function test_validate_requires_domain_match>
        <Class TestImmutablePolicyVersion>
          <Function test_same_id_same_hash_accepted>
          <Function test_same_id_different_hash_rejected>
          <Function test_different_ids_both_accepted>
          <Function test_validate_or_reject_catches_mismatch>
          <Function test_unknown_policy_rejected>
        <Class TestConfigHashCompleteness>
          <Function test_deep_strip_removes_nested_secrets>
          <Function test_compute_full_config_hash_binds_policy_version>
          <Function test_top_level_secrets_stripped>
          <Function test_deterministic_hash>
        <Class TestSignerInPayload>
          <Function test_sign_with_signer_includes_identity>
          <Function test_different_signers_produce_different_signatures>
          <Function test_signing_domain_included>
      <Module test_semantic_parity.py>
        <Class TestEnvironmentProfile>
          <Function test_from_env_only_affects_infrastructure>
          <Function test_paper_profile_has_no_write>
          <Function test_safety_semantic_is_identical_across_environments>
          <Function test_unknown_environment_falls_back_safety_only>
          <Function test_profile_is_frozen_immutable>
        <Class TestSemanticParity>
          <Function test_no_testnet_bypass_in_source_files>
          <Function test_protection_engine_no_testnet_bypass>
          <Function test_cost_model_identical_across_environments>
          <Function test_control_plane_no_testnet_bypass>
          <Function test_reconciliation_no_testnet_bypass>
        <Class TestForbiddenBypassDetection>
          <Function test_detect_bypass_in_code>
          <Function test_clean_code_passes_detection>
          <Function test_self_module_exempt_from_detection>
        <Class TestMutationSemanticParity>
          <Function test_mutation_testnet_cost_bypass_would_be_detected>
          <Function test_mutation_testnet_control_bypass_would_be_detected>
          <Function test_mutation_testnet_protection_bypass_would_be_detected>
      <Module test_shared_types.py>
        <Class TestResultStatus>
          <Function test_success_is_not_empty>
          <Function test_unknown_is_not_success>
          <Function test_error_is_not_empty>
          <Function test_unsupported_is_not_error>
          <Function test_all_values_distinct>
        <Class TestVenueInstrument>
          <Function test_equality>
          <Function test_inequality_different_venue>
          <Function test_inequality_different_instrument>
          <Function test_hash_consistent>
          <Function test_can_be_dict_key>
        <Class TestMonetaryValue>
          <Function test_string_representation_preserves_precision>
          <Function test_default_currency>
          <Function test_frozen>
        <Class TestClockDomain>
          <Function test_three_domains_defined>
          <Function test_domains_distinct>
        <Class TestEnvelope>
          <Function test_envelope_creation>
          <Function test_correlation_id_auto_generated>
          <Function test_idempotency_key_auto_generated>
          <Function test_envelope_frozen>
          <Function test_replay_flag_default_false>
          <Function test_envelope_with_causation>
        <Class TestAccountRef>
          <Function test_account_ref_required_fields>
        <Class TestRiskDecision>
          <Function test_only_approved_allows_risk_increase>
      <Module test_store.py>
        <Function test_protection_pending_is_not_restored_as_active>
        <Function test_ledger_transaction_round_trip_is_append_only>
        <Function test_ledger_source_event_conflict_is_not_silently_ignored>
        <Function test_fill_event_is_pending_until_authoritative_facts_commit>
        <Function test_opening_projection_requires_provenance_and_round_trips>
      <Module test_store_adapter.py>
        <Function test_postgres_backend_uses_psycopg_connection_not_missing_pool_api>
        <Function test_postgres_backend_without_dsn_fails_closed>
      <Module test_strategy_data.py>
        <Class TestDatasetManager>
          <Function test_create_and_retrieve>
        <Class TestTradingPool>
          <Function test_lifecycle>
          <Function test_capacity_check>
          <Function test_quarantine>
        <Class TestFeatureStore>
          <Function test_store_and_retrieve>
        <Class TestMarketState>
          <Function test_crisis_overrides_direction>
          <Function test_normal_does_not_override>
        <Class TestCostModel>
          <Function test_total_cost>
          <Function test_funding_rate_warning>
        <Class TestSignalFusion>
          <Function test_fuse_agreement>
          <Function test_detect_conflict>
        <Class TestPortfolioOptimizer>
          <Function test_capital_allocation_equal>
          <Function test_exit_protection_shared_position>
      <Module test_strategy_risk.py>
        <Class TestDrawdownMonitor>
          <Function test_no_drawdown>
          <Function test_drawdown_calculation>
          <Function test_drawdown_severe>
          <Function test_check_limit_normal>
          <Function test_check_limit_caution>
          <Function test_check_limit_reduced>
          <Function test_check_limit_exit_only>
          <Function test_check_limit_locked>
        <Class TestRiskBudget>
          <Function test_budget_creation>
          <Function test_position_size_calculation>
          <Function test_position_size_capped_by_max_notional>
          <Function test_no_budget_returns_zero>
        <Class TestStrategyRiskManager>
          <Function test_initial_state_normal>
          <Function test_drawdown_degradation>
          <Function test_drawdown_locked>
          <Function test_new_high_resets_peak>
          <Function test_consecutive_losses>
          <Function test_win_resets_consecutive>
          <Function test_daily_loss_limit>
          <Function test_sharpe_degradation>
          <Function test_reset_circuit_breaker>
          <Function test_daily_reset>
          <Function test_no_budget_no_trading>
          <Function test_is_new_position_allowed>
          <Function test_circuit_breaker_log>
      <Module test_supervisor_health_contract.py>
        <Function test_health_callbacks_revoke_readiness_for_live_blocker>
        <Function test_health_callbacks_report_exit_blockers_and_locked_liveness>
        <Function test_fail_closed_revokes_authority_and_locks_fatal_engine>
      <Module test_unattended_certification.py>
        <Function test_empty_mature_window_is_not_verifiable>
        <Function test_sparse_mature_window_cannot_emit_pass>
        <Function test_active_incident_blocks_mature_sli_window>
        <Function test_complete_window_evidence_survives_process_restart>
        <Function test_legacy_counter_only_state_is_visible_but_cannot_certify>
        <Function test_state_file_contains_full_evidence_and_schema_version>
        <Function test_simulated_window_cannot_become_real_after_restart>
        <Function test_g7_starter_does_not_seed_synthetic_pass_samples>
        <Function test_g7_fast_forward_binds_explicit_window_id_via_public_api>
        <Function test_explicit_g7_window_id_is_bound_and_path_safe>
      <Module test_user_events.py>
        <Function test_user_event_parser_rejects_missing_execution_fact>
        <Function test_user_account_parser_requires_complete_rows>
        <Function test_user_stream_projection_is_durable_contiguous_and_idempotent>
        <Function test_user_event_identity_conflict_is_not_ignored>
        <Function test_account_updates_require_explicit_replay_and_restore_fail_closed>
      <Module test_v3_fail_closed.py>
        <Function test_postgres_preflight_requires_real_authority_and_migration_head>
        <Function test_postgres_preflight_does_not_leak_dsn_on_connection_failure>
        <Function test_postgres_preflight_rejects_schema_and_checksum_drift>
        <Function test_testnet_without_signing_key_is_a_p0_startup_blocker>
        <Function test_testnet_without_signed_policy_is_a_p0_startup_blocker>
        <Function test_supervisor_write_interlock_requires_live_resume_authority>
        <Function test_typed_adapter_write_path_cannot_bypass_supervisor_interlock>
        <Function test_supervisor_has_no_transient_authority_bypass>
        <Function test_monitor_loop_health_uses_monotonic_clock>
        <Function test_startup_report_does_not_claim_pass_before_live_readiness>
        <Function test_readiness_requires_running_supervisor_state>
        <Function test_configured_trading_pool_entries_are_not_active_without_evidence>
        <Function test_testnet_reconciliation_failure_cannot_enter_active>
        <Function test_health_server_defaults_to_loopback>
        <Function test_g7_is_not_eligible_without_real_elapsed_window_or_samples>
        <Function test_g7_diagnostic_eligibility_requires_durable_window_binding>
        <Function test_g7_p0_invalidates_the_window>
        <Function test_g7_recovery_sli_requires_explicit_supervisor_context>
        <Function test_g7_cost_pnl_sli_does_not_alias_runtime_error_rate>
        <Function test_g7_elapsed_window_uses_monotonic_clock>
        <Function test_config_safe_defaults_do_not_offer_network_write>
        <Function test_unsupported_state_backend_cannot_report_trading_ready>
        <Function test_unsupported_state_backend_rejects_live_risk_increase_at_executor>
        <Function test_durable_protection_coverage_is_per_position_side_quantity_and_generation>
        <Function test_durable_protection_coverage_rejects_partial_stop_even_when_total_quantity_matches>
        <Function test_durable_protection_coverage_rejects_orphan_exchange_ack>
        <Function test_unknown_protection_config_freezes_new_risk_without_synthetic_defaults>
        <Function test_protection_retry_cannot_widen_approved_trigger_at_runtime>
        <Function test_factor_promotion_gate_never_allows_unverified_active>
        <Function test_factor_promotion_gate_binds_active_to_sealed_bundle>
        <Function test_startup_wait_does_not_authorize_resume_with_runtime_blocker>
        <Function test_persistent_blocker_cannot_leave_supervisor_running>
      <Module test_wfo_leakage.py>
        <Class TestPurgedWFOGuard>
          <Function test_purge_embargo_separates_train_test>
          <Function test_no_future_data_leakage>
          <Function test_oos_only_metrics>
        <Class TestCPCV>
          <Function test_cpcv_groups_are_disjoint>
          <Function test_cpcv_backtest_count>
        <Class TestAntiLeakageProperty>
          <Function test_future_information_not_in_training>
          <Function test_standardization_within_fold>

======================== 1564 tests collected in 0.35s =========================
