============================= test session starts ==============================
platform darwin -- Python 3.14.6, pytest-9.1.1, pluggy-1.6.0
rootdir: /Users/maguannan/beidou
configfile: pyproject.toml
plugins: hypothesis-6.165.1, cov-7.1.0, asyncio-1.4.0, anyio-4.14.2
asyncio: mode=Mode.STRICT, debug=False, asyncio_default_fixture_loop_scope=None, asyncio_default_test_loop_scope=function
collected 1575 items

tests/architecture/test_architecture.py ....................             [  1%]
tests/architecture/test_engine_boundaries.py ........                    [  1%]
tests/integration/test_startup_guard.py ..........                       [  2%]
tests/testnet/test_environment_parity.py ...........                     [  3%]
tests/unit/test_account_discovery.py ...................                 [  4%]
tests/unit/test_adaptive_protection.py ................................. [  6%]
..                                                                       [  6%]
tests/unit/test_alerts.py ...                                            [  6%]
tests/unit/test_alpha_graph.py ........                                  [  7%]
tests/unit/test_bf00_timing_mismatch.py .......                          [  7%]
tests/unit/test_bf01_contracts.py ..............................         [  9%]
tests/unit/test_bf01_label_builder.py ...................                [ 10%]
tests/unit/test_bf01_point_in_time.py .................................  [ 12%]
tests/unit/test_bf02_metrics.py ....................................     [ 15%]
tests/unit/test_bf03_ast.py ............................................ [ 17%]
...................................................................      [ 22%]
tests/unit/test_bf05_evaluation.py ..................................... [ 24%]
....                                                                     [ 24%]
tests/unit/test_bf08_typed_graph.py ...............                      [ 25%]
tests/unit/test_bf09_half_life.py .......                                [ 26%]
tests/unit/test_binance_adapter.py ..................................... [ 28%]
..                                                                       [ 28%]
tests/unit/test_binance_rest_client.py .........                         [ 29%]
tests/unit/test_binance_ws_client.py .........                           [ 29%]
tests/unit/test_capacity_model.py .....................                  [ 31%]
tests/unit/test_certification.py ...................................     [ 33%]
tests/unit/test_certification_evidence_bundle.py ...                     [ 33%]
tests/unit/test_config_v3.py .....                                       [ 33%]
tests/unit/test_control_api.py ..                                        [ 34%]
tests/unit/test_control_gate.py ...................................      [ 36%]
tests/unit/test_engine_readiness_contract.py ........................... [ 37%]
...............                                                          [ 38%]
tests/unit/test_engine_signal_contracts.py ...........                   [ 39%]
tests/unit/test_exchange.py .............                                [ 40%]
tests/unit/test_execution.py ............................                [ 42%]
tests/unit/test_execution_algorithms.py ................................ [ 44%]
..........                                                               [ 44%]
tests/unit/test_factor_live_pairing.py ...                               [ 45%]
tests/unit/test_factor_research.py ...................................   [ 47%]
tests/unit/test_fw03_e2e_mining.py .............                         [ 48%]
tests/unit/test_g7_certification_integration.py ..                       [ 48%]
tests/unit/test_gate_verifier.py ....                                    [ 48%]
tests/unit/test_guard.py .................................s              [ 50%]
tests/unit/test_health_server.py ....                                    [ 50%]
tests/unit/test_infrastructure.py ..................                     [ 52%]
tests/unit/test_kernel_parity_contract.py .......                        [ 52%]
tests/unit/test_launcher.py .......................                      [ 53%]
tests/unit/test_lifecycle.py ..................                          [ 55%]
tests/unit/test_mapek.py ............                                    [ 55%]
tests/unit/test_market_data.py ..........................                [ 57%]
tests/unit/test_market_data_dq.py ..........                             [ 58%]
tests/unit/test_migrations.py ......                                     [ 58%]
tests/unit/test_model_control.py ..................                      [ 59%]
tests/unit/test_monitoring_services.py ................................. [ 61%]
.......................................                                  [ 64%]
tests/unit/test_observability.py ..............                          [ 65%]
tests/unit/test_operational_fact_bus.py ............                     [ 65%]
tests/unit/test_orderbook.py ...                                         [ 66%]
tests/unit/test_p1_batch.py .....                                        [ 66%]
tests/unit/test_p1_execution_strategy.py .......                         [ 66%]
tests/unit/test_p1_final_batch.py ........................               [ 68%]
tests/unit/test_p1_security_market.py ............                       [ 69%]
tests/unit/test_paper_certification_v2.py ...........                    [ 69%]
tests/unit/test_paper_shadow.py ....                                     [ 70%]
tests/unit/test_pnl_kernel.py ............                               [ 70%]
tests/unit/test_policy_loader.py .....                                   [ 71%]
tests/unit/test_policy_registry.py ..............                        [ 72%]
tests/unit/test_postgres_outbox.py ....................                  [ 73%]
tests/unit/test_postgres_store.py .....                                  [ 73%]
tests/unit/test_protection.py ...........................                [ 75%]
tests/unit/test_reconciliation_contract.py ............                  [ 76%]
tests/unit/test_release.py ......                                        [ 76%]
tests/unit/test_remaining_p0.py ................                         [ 77%]
tests/unit/test_reporting.py ...........................                 [ 79%]
tests/unit/test_risk_engine.py .................                         [ 80%]
tests/unit/test_risk_rules.py ..................................         [ 82%]
tests/unit/test_rsi_factor.py ............                               [ 83%]
tests/unit/test_runtime_algorithm_probe.py .                             [ 83%]
tests/unit/test_s2_risk_execution_safety.py ...................          [ 84%]
tests/unit/test_s3_strategy_portfolio.py ..........                      [ 85%]
tests/unit/test_s4_ledger_reconciliation.py ...........                  [ 85%]
tests/unit/test_s5_monitoring_lifecycle.py ..................            [ 86%]
tests/unit/test_s6_ci_certification.py .......                           [ 87%]
tests/unit/test_safety_domain_contracts.py .............                 [ 88%]
tests/unit/test_security.py ...................                          [ 89%]
tests/unit/test_security_policy_gaps.py .........................        [ 91%]
tests/unit/test_semantic_parity.py ................                      [ 92%]
tests/unit/test_shared_types.py .......................                  [ 93%]
tests/unit/test_store.py .....                                           [ 93%]
tests/unit/test_store_adapter.py ..                                      [ 93%]
tests/unit/test_strategy_data.py .............                           [ 94%]
tests/unit/test_strategy_risk.py .........................               [ 96%]
tests/unit/test_supervisor_health_contract.py ...                        [ 96%]
tests/unit/test_unattended_certification.py ..........                   [ 97%]
tests/unit/test_user_events.py .....                                     [ 97%]
tests/unit/test_v3_fail_closed.py ................................       [ 99%]
tests/unit/test_wfo_leakage.py .......                                   [100%]

=============================== warnings summary ===============================
tests/architecture/test_engine_boundaries.py::test_fact_models_are_immutable
  /Users/maguannan/beidou/tests/architecture/test_engine_boundaries.py:78: DeprecationWarning: datetime.datetime.utcnow() is deprecated and scheduled for removal in a future version. Use timezone-aware objects to represent datetimes in UTC: datetime.datetime.now(datetime.UTC).
    fact = MarketFact(symbol="BTCUSDT", price=50000.0, timestamp=__import__("datetime").datetime.utcnow())

tests/architecture/test_engine_boundaries.py::test_fact_models_are_immutable
  /Users/maguannan/beidou/tests/architecture/test_engine_boundaries.py:87: DeprecationWarning: datetime.datetime.utcnow() is deprecated and scheduled for removal in a future version. Use timezone-aware objects to represent datetimes in UTC: datetime.datetime.now(datetime.UTC).
    timestamp=__import__("datetime").datetime.utcnow(),

-- Docs: https://docs.pytest.org/en/stable/how-to/capture-warnings.html
================= 1574 passed, 1 skipped, 2 warnings in 9.99s ==================
